Namespace(hidden_channels=1024, batch_size=1024, dropout=0.5, epochs=100, model='rgat', sizes=[25, 15], in_memory=False, device='1', device_ids=[1])
#Params 10908534
RGNN(
  (rob_proj_ml): Sequential(
    (0): Linear(in_features=768, out_features=384, bias=True)
    (1): BatchNorm1d(384, eps=1e-05, momentum=0.1, affine=True, track_running_stats=True)
    (2): ReLU(inplace=True)
  )
  (bloom_norm): BatchNorm1d(63, eps=1e-05, momentum=0.1, affine=True, track_running_stats=True)
  (transe_proj_ml): Sequential(
    (0): Linear(in_features=64, out_features=53, bias=True)
    (1): BatchNorm1d(53, eps=1e-05, momentum=0.1, affine=True, track_running_stats=True)
    (2): ReLU(inplace=True)
  )
  (convs): ModuleList(
    (0): ModuleList(
      (0-4): 5 x GATConv(500, 256, heads=4)
    )
    (1): ModuleList(
      (0-4): 5 x GATConv(1024, 256, heads=4)
    )
  )
  (norms): ModuleList(
    (0-1): 2 x BatchNorm1d(1024, eps=1e-05, momentum=0.1, affine=True, track_running_stats=True)
  )
  (skips): ModuleList(
    (0): Linear(in_features=500, out_features=1024, bias=True)
    (1): Linear(in_features=1024, out_features=1024, bias=True)
  )
  (mlp): Sequential(
    (0): Linear(in_features=1024, out_features=1024, bias=True)
    (1): BatchNorm1d(1024, eps=1e-05, momentum=0.1, affine=True, track_running_stats=True)
    (2): ReLU(inplace=True)
    (3): Dropout(p=0.5, inplace=False)
    (4): Linear(in_features=1024, out_features=153, bias=True)
  )
  (train_acc): MulticlassAccuracy()
  (val_acc): MulticlassAccuracy()
  (test_acc): MulticlassAccuracy()
)
/home/hxs7303/.conda/envs/gnn-t/lib/python3.9/site-packages/pytorch_lightning/trainer/connectors/logger_connector/logger_connector.py:76: Starting from v1.9.0, `tensorboardX` has been removed as a dependency of the `pytorch_lightning` package, due to potential conflicts with other packages in the ML ecosystem. For this reason, `logger=True` will use `CSVLogger` as the default logger, unless the `tensorboard` or `tensorboardX` packages are found. Please `pip install lightning[extra]` or one of them to enable TensorBoard support by default
Reading dataset... Done! [15.31s]
/home/hxs7303/.conda/envs/gnn-t/lib/python3.9/site-packages/torch_geometric/deprecation.py:26: UserWarning: 'data.NeighborSampler' is deprecated, use 'loader.NeighborSampler' instead
  warnings.warn(out)
Epoch  0: time 386.12s, train_acc=0.425, val_acc=0.457
Epoch  1: time 290.76s, train_acc=0.479, val_acc=0.484
Epoch  2: time 282.20s, train_acc=0.497, val_acc=0.495
Epoch  3: time 277.79s, train_acc=0.508, val_acc=0.496
Epoch  4: time 279.56s, train_acc=0.516, val_acc=0.486
Epoch  5: time 281.00s, train_acc=0.522, val_acc=0.495
Epoch  6: time 280.96s, train_acc=0.527, val_acc=0.513
Epoch  7: time 279.45s, train_acc=0.532, val_acc=0.498
Epoch  8: time 280.81s, train_acc=0.535, val_acc=0.514
Epoch  9: time 280.48s, train_acc=0.539, val_acc=0.490
Epoch 10: time 280.02s, train_acc=0.541, val_acc=0.516
Epoch 11: time 279.83s, train_acc=0.544, val_acc=0.516
Epoch 12: time 281.21s, train_acc=0.547, val_acc=0.501
Epoch 13: time 281.00s, train_acc=0.549, val_acc=0.519
Epoch 14: time 280.86s, train_acc=0.552, val_acc=0.496
Epoch 15: time 280.93s, train_acc=0.553, val_acc=0.522
Epoch 16: time 279.58s, train_acc=0.555, val_acc=0.514
Epoch 17: time 279.49s, train_acc=0.557, val_acc=0.499
Epoch 18: time 281.24s, train_acc=0.559, val_acc=0.490
Epoch 19: time 280.45s, train_acc=0.560, val_acc=0.510
Epoch 20: time 280.05s, train_acc=0.562, val_acc=0.516
Epoch 21: time 280.85s, train_acc=0.563, val_acc=0.507
Epoch 22: time 281.12s, train_acc=0.565, val_acc=0.523
Epoch 23: time 281.50s, train_acc=0.566, val_acc=0.519
Epoch 24: time 280.67s, train_acc=0.567, val_acc=0.505
Epoch 25: time 278.48s, train_acc=0.580, val_acc=0.528
Epoch 26: time 281.06s, train_acc=0.583, val_acc=0.533
Epoch 27: time 281.23s, train_acc=0.584, val_acc=0.541
Epoch 28: time 280.43s, train_acc=0.586, val_acc=0.534
Epoch 29: time 280.81s, train_acc=0.587, val_acc=0.535
Epoch 30: time 279.33s, train_acc=0.587, val_acc=0.534
Epoch 31: time 279.00s, train_acc=0.588, val_acc=0.533
Epoch 32: time 280.01s, train_acc=0.588, val_acc=0.534
Epoch 33: time 280.56s, train_acc=0.589, val_acc=0.531
Epoch 34: time 280.60s, train_acc=0.589, val_acc=0.533
Epoch 35: time 279.69s, train_acc=0.590, val_acc=0.531
Epoch 36: time 278.17s, train_acc=0.590, val_acc=0.537
Epoch 37: time 279.98s, train_acc=0.591, val_acc=0.541
Epoch 38: time 278.78s, train_acc=0.592, val_acc=0.539
Epoch 39: time 279.59s, train_acc=0.592, val_acc=0.530
Epoch 40: time 280.31s, train_acc=0.592, val_acc=0.538
Epoch 41: time 279.29s, train_acc=0.593, val_acc=0.533
Epoch 42: time 278.31s, train_acc=0.593, val_acc=0.534
Epoch 43: time 281.04s, train_acc=0.593, val_acc=0.529
Epoch 44: time 280.06s, train_acc=0.593, val_acc=0.533
Epoch 45: time 280.52s, train_acc=0.594, val_acc=0.536
Epoch 46: time 279.90s, train_acc=0.594, val_acc=0.529
Epoch 47: time 280.51s, train_acc=0.595, val_acc=0.537
Epoch 48: time 279.81s, train_acc=0.595, val_acc=0.530
Epoch 49: time 279.62s, train_acc=0.595, val_acc=0.530
Epoch 50: time 280.69s, train_acc=0.599, val_acc=0.534
Epoch 51: time 279.55s, train_acc=0.600, val_acc=0.534
Epoch 52: time 279.60s, train_acc=0.600, val_acc=0.534
Epoch 53: time 280.31s, train_acc=0.601, val_acc=0.538
Epoch 54: time 279.17s, train_acc=0.601, val_acc=0.535
Epoch 55: time 278.49s, train_acc=0.601, val_acc=0.535
Epoch 56: time 281.16s, train_acc=0.601, val_acc=0.535
Epoch 57: time 281.86s, train_acc=0.601, val_acc=0.534
Epoch 58: time 278.87s, train_acc=0.602, val_acc=0.533
Epoch 59: time 279.68s, train_acc=0.602, val_acc=0.535
Epoch 60: time 279.68s, train_acc=0.602, val_acc=0.534
Epoch 61: time 279.48s, train_acc=0.602, val_acc=0.536
Epoch 62: time 278.94s, train_acc=0.602, val_acc=0.534
Epoch 63: time 279.16s, train_acc=0.602, val_acc=0.535
Epoch 64: time 278.88s, train_acc=0.602, val_acc=0.534
Epoch 65: time 277.06s, train_acc=0.602, val_acc=0.534
Epoch 66: time 277.52s, train_acc=0.603, val_acc=0.535
